2023-08-06 09:55:42.256  INFO 19164 --- [restartedMain] com.castlebell.lingvo.LingvoApplication  : Starting LingvoApplication using Java 17.0.7 on Castlebell with PID 19164 (D:\Project\spring boot\lingvo\bin\main started by castl in D:\Project\spring boot\lingvo)
2023-08-06 09:55:42.263  INFO 19164 --- [restartedMain] com.castlebell.lingvo.LingvoApplication  : No active profile set, falling back to 1 default profile: "default"
2023-08-06 09:55:42.327  INFO 19164 --- [restartedMain] .e.DevToolsPropertyDefaultsPostProcessor : Devtools property defaults active! Set 'spring.devtools.add-properties' to 'false' to disable
2023-08-06 09:55:42.328  INFO 19164 --- [restartedMain] .e.DevToolsPropertyDefaultsPostProcessor : For additional web related logging consider setting the 'logging.level.web' property to 'DEBUG'
2023-08-06 09:55:43.442  INFO 19164 --- [restartedMain] o.s.b.w.embedded.tomcat.TomcatWebServer  : Tomcat initialized with port(s): 8080 (http)
2023-08-06 09:55:43.448  INFO 19164 --- [restartedMain] o.apache.catalina.core.StandardService   : Starting service [Tomcat]
2023-08-06 09:55:43.449  INFO 19164 --- [restartedMain] org.apache.catalina.core.StandardEngine  : Starting Servlet engine: [Apache Tomcat/9.0.74]
2023-08-06 09:55:43.598  INFO 19164 --- [restartedMain] org.apache.jasper.servlet.TldScanner     : At least one JAR was scanned for TLDs yet contained no TLDs. Enable debug logging for this logger for a complete list of JARs that were scanned but no TLDs were found in them. Skipping unneeded JARs during scanning can improve startup time and JSP compilation time.
2023-08-06 09:55:43.608  INFO 19164 --- [restartedMain] o.a.c.c.C.[Tomcat].[localhost].[/]       : Initializing Spring embedded WebApplicationContext
2023-08-06 09:55:43.609  INFO 19164 --- [restartedMain] w.s.c.ServletWebServerApplicationContext : Root WebApplicationContext: initialization completed in 1280 ms
2023-08-06 09:55:44.117  INFO 19164 --- [restartedMain] org.apache.tiles.access.TilesAccess      : Publishing TilesContext for context: org.springframework.web.servlet.view.tiles3.SpringWildcardServletTilesApplicationContext
2023-08-06 09:55:44.455  INFO 19164 --- [restartedMain] o.s.b.a.w.s.WelcomePageHandlerMapping    : Adding welcome page: class path resource [static/index.html]
2023-08-06 09:55:44.829  INFO 19164 --- [restartedMain] o.s.b.d.a.OptionalLiveReloadServer       : LiveReload server is running on port 35729
2023-08-06 09:55:44.912  INFO 19164 --- [restartedMain] o.s.b.w.embedded.tomcat.TomcatWebServer  : Tomcat started on port(s): 8080 (http) with context path ''
2023-08-06 09:55:44.934  INFO 19164 --- [restartedMain] com.castlebell.lingvo.LingvoApplication  : Started LingvoApplication in 3.009 seconds (JVM running for 4.879)
2023-08-06 09:56:05.323  INFO 19164 --- [http-nio-8080-exec-3] o.a.c.c.C.[Tomcat].[localhost].[/]       : Initializing Spring DispatcherServlet 'dispatcherServlet'
2023-08-06 09:56:05.324  INFO 19164 --- [http-nio-8080-exec-3] o.s.web.servlet.DispatcherServlet        : Initializing Servlet 'dispatcherServlet'
2023-08-06 09:56:05.325  INFO 19164 --- [http-nio-8080-exec-3] o.s.web.servlet.DispatcherServlet        : Completed initialization in 1 ms
2023-08-06 09:56:12.080  INFO 19164 --- [http-nio-8080-exec-10] com.zaxxer.hikari.HikariDataSource       : HikariPool-1 - Starting...
2023-08-06 09:56:12.303  INFO 19164 --- [http-nio-8080-exec-10] com.zaxxer.hikari.HikariDataSource       : HikariPool-1 - Start completed.
2023-08-06 11:33:34.508  INFO 18024 --- [restartedMain] com.castlebell.lingvo.LingvoApplication  : Starting LingvoApplication using Java 17.0.7 on Castlebell with PID 18024 (D:\Project\spring boot\lingvo\bin\main started by castl in D:\Project\spring boot\lingvo)
2023-08-06 11:33:34.511  INFO 18024 --- [restartedMain] com.castlebell.lingvo.LingvoApplication  : No active profile set, falling back to 1 default profile: "default"
2023-08-06 11:33:34.580  INFO 18024 --- [restartedMain] .e.DevToolsPropertyDefaultsPostProcessor : Devtools property defaults active! Set 'spring.devtools.add-properties' to 'false' to disable
2023-08-06 11:33:34.580  INFO 18024 --- [restartedMain] .e.DevToolsPropertyDefaultsPostProcessor : For additional web related logging consider setting the 'logging.level.web' property to 'DEBUG'
2023-08-06 11:33:35.611  INFO 18024 --- [restartedMain] o.s.b.w.embedded.tomcat.TomcatWebServer  : Tomcat initialized with port(s): 8080 (http)
2023-08-06 11:33:35.624  INFO 18024 --- [restartedMain] o.apache.catalina.core.StandardService   : Starting service [Tomcat]
2023-08-06 11:33:35.626  INFO 18024 --- [restartedMain] org.apache.catalina.core.StandardEngine  : Starting Servlet engine: [Apache Tomcat/9.0.74]
2023-08-06 11:33:35.800  INFO 18024 --- [restartedMain] org.apache.jasper.servlet.TldScanner     : At least one JAR was scanned for TLDs yet contained no TLDs. Enable debug logging for this logger for a complete list of JARs that were scanned but no TLDs were found in them. Skipping unneeded JARs during scanning can improve startup time and JSP compilation time.
2023-08-06 11:33:35.812  INFO 18024 --- [restartedMain] o.a.c.c.C.[Tomcat].[localhost].[/]       : Initializing Spring embedded WebApplicationContext
2023-08-06 11:33:35.813  INFO 18024 --- [restartedMain] w.s.c.ServletWebServerApplicationContext : Root WebApplicationContext: initialization completed in 1232 ms
2023-08-06 11:33:36.252  INFO 18024 --- [restartedMain] org.apache.tiles.access.TilesAccess      : Publishing TilesContext for context: org.springframework.web.servlet.view.tiles3.SpringWildcardServletTilesApplicationContext
2023-08-06 11:33:36.572  INFO 18024 --- [restartedMain] o.s.b.a.w.s.WelcomePageHandlerMapping    : Adding welcome page: class path resource [static/index.html]
2023-08-06 11:33:36.877  INFO 18024 --- [restartedMain] o.s.b.d.a.OptionalLiveReloadServer       : LiveReload server is running on port 35729
2023-08-06 11:33:36.965  INFO 18024 --- [restartedMain] o.s.b.w.embedded.tomcat.TomcatWebServer  : Tomcat started on port(s): 8080 (http) with context path ''
2023-08-06 11:33:36.984  INFO 18024 --- [restartedMain] com.castlebell.lingvo.LingvoApplication  : Started LingvoApplication in 2.858 seconds (JVM running for 3.409)
2023-08-06 11:33:55.480  INFO 18024 --- [http-nio-8080-exec-1] o.a.c.c.C.[Tomcat].[localhost].[/]       : Initializing Spring DispatcherServlet 'dispatcherServlet'
2023-08-06 11:33:55.481  INFO 18024 --- [http-nio-8080-exec-1] o.s.web.servlet.DispatcherServlet        : Initializing Servlet 'dispatcherServlet'
2023-08-06 11:33:55.482  INFO 18024 --- [http-nio-8080-exec-1] o.s.web.servlet.DispatcherServlet        : Completed initialization in 1 ms
2023-08-06 11:34:03.027  INFO 18024 --- [http-nio-8080-exec-10] com.zaxxer.hikari.HikariDataSource       : HikariPool-1 - Starting...
2023-08-06 11:34:03.243  INFO 18024 --- [http-nio-8080-exec-10] com.zaxxer.hikari.HikariDataSource       : HikariPool-1 - Start completed.
2023-08-06 11:40:19.808  INFO 9240 --- [restartedMain] com.castlebell.lingvo.LingvoApplication  : Starting LingvoApplication using Java 17.0.7 on Castlebell with PID 9240 (D:\Project\spring boot\lingvo\bin\main started by castl in D:\Project\spring boot\lingvo)
2023-08-06 11:40:19.809  INFO 9240 --- [restartedMain] com.castlebell.lingvo.LingvoApplication  : No active profile set, falling back to 1 default profile: "default"
2023-08-06 11:40:19.844  INFO 9240 --- [restartedMain] .e.DevToolsPropertyDefaultsPostProcessor : Devtools property defaults active! Set 'spring.devtools.add-properties' to 'false' to disable
2023-08-06 11:40:19.844  INFO 9240 --- [restartedMain] .e.DevToolsPropertyDefaultsPostProcessor : For additional web related logging consider setting the 'logging.level.web' property to 'DEBUG'
2023-08-06 11:40:20.813  INFO 9240 --- [restartedMain] o.s.b.w.embedded.tomcat.TomcatWebServer  : Tomcat initialized with port(s): 8080 (http)
2023-08-06 11:40:20.820  INFO 9240 --- [restartedMain] o.apache.catalina.core.StandardService   : Starting service [Tomcat]
2023-08-06 11:40:20.821  INFO 9240 --- [restartedMain] org.apache.catalina.core.StandardEngine  : Starting Servlet engine: [Apache Tomcat/9.0.74]
2023-08-06 11:40:20.981  INFO 9240 --- [restartedMain] org.apache.jasper.servlet.TldScanner     : At least one JAR was scanned for TLDs yet contained no TLDs. Enable debug logging for this logger for a complete list of JARs that were scanned but no TLDs were found in them. Skipping unneeded JARs during scanning can improve startup time and JSP compilation time.
2023-08-06 11:40:20.992  INFO 9240 --- [restartedMain] o.a.c.c.C.[Tomcat].[localhost].[/]       : Initializing Spring embedded WebApplicationContext
2023-08-06 11:40:20.994  INFO 9240 --- [restartedMain] w.s.c.ServletWebServerApplicationContext : Root WebApplicationContext: initialization completed in 1149 ms
2023-08-06 11:40:21.563  INFO 9240 --- [restartedMain] org.apache.tiles.access.TilesAccess      : Publishing TilesContext for context: org.springframework.web.servlet.view.tiles3.SpringWildcardServletTilesApplicationContext
2023-08-06 11:40:21.867  INFO 9240 --- [restartedMain] o.s.b.a.w.s.WelcomePageHandlerMapping    : Adding welcome page: class path resource [static/index.html]
2023-08-06 11:40:22.177  INFO 9240 --- [restartedMain] o.s.b.d.a.OptionalLiveReloadServer       : LiveReload server is running on port 35729
2023-08-06 11:40:22.230  INFO 9240 --- [restartedMain] o.s.b.w.embedded.tomcat.TomcatWebServer  : Tomcat started on port(s): 8080 (http) with context path ''
2023-08-06 11:40:22.247  INFO 9240 --- [restartedMain] com.castlebell.lingvo.LingvoApplication  : Started LingvoApplication in 2.78 seconds (JVM running for 3.422)
2023-08-06 11:41:41.597  INFO 9240 --- [http-nio-8080-exec-2] o.a.c.c.C.[Tomcat].[localhost].[/]       : Initializing Spring DispatcherServlet 'dispatcherServlet'
2023-08-06 11:41:41.598  INFO 9240 --- [http-nio-8080-exec-2] o.s.web.servlet.DispatcherServlet        : Initializing Servlet 'dispatcherServlet'
2023-08-06 11:41:41.599  INFO 9240 --- [http-nio-8080-exec-2] o.s.web.servlet.DispatcherServlet        : Completed initialization in 1 ms
2023-08-06 11:42:49.940  INFO 9240 --- [http-nio-8080-exec-9] com.zaxxer.hikari.HikariDataSource       : HikariPool-1 - Starting...
2023-08-06 11:42:50.199  INFO 9240 --- [http-nio-8080-exec-9] com.zaxxer.hikari.HikariDataSource       : HikariPool-1 - Start completed.
2023-08-06 11:47:55.301  INFO 17756 --- [restartedMain] com.castlebell.lingvo.LingvoApplication  : Starting LingvoApplication using Java 17.0.7 on Castlebell with PID 17756 (D:\Project\spring boot\lingvo\bin\main started by castl in D:\Project\spring boot\lingvo)
2023-08-06 11:47:55.303  INFO 17756 --- [restartedMain] com.castlebell.lingvo.LingvoApplication  : No active profile set, falling back to 1 default profile: "default"
2023-08-06 11:47:55.341  INFO 17756 --- [restartedMain] .e.DevToolsPropertyDefaultsPostProcessor : Devtools property defaults active! Set 'spring.devtools.add-properties' to 'false' to disable
2023-08-06 11:47:55.342  INFO 17756 --- [restartedMain] .e.DevToolsPropertyDefaultsPostProcessor : For additional web related logging consider setting the 'logging.level.web' property to 'DEBUG'
2023-08-06 11:47:56.389  INFO 17756 --- [restartedMain] o.s.b.w.embedded.tomcat.TomcatWebServer  : Tomcat initialized with port(s): 8080 (http)
2023-08-06 11:47:56.396  INFO 17756 --- [restartedMain] o.apache.catalina.core.StandardService   : Starting service [Tomcat]
2023-08-06 11:47:56.397  INFO 17756 --- [restartedMain] org.apache.catalina.core.StandardEngine  : Starting Servlet engine: [Apache Tomcat/9.0.74]
2023-08-06 11:47:56.553  INFO 17756 --- [restartedMain] org.apache.jasper.servlet.TldScanner     : At least one JAR was scanned for TLDs yet contained no TLDs. Enable debug logging for this logger for a complete list of JARs that were scanned but no TLDs were found in them. Skipping unneeded JARs during scanning can improve startup time and JSP compilation time.
2023-08-06 11:47:56.563  INFO 17756 --- [restartedMain] o.a.c.c.C.[Tomcat].[localhost].[/]       : Initializing Spring embedded WebApplicationContext
2023-08-06 11:47:56.563  INFO 17756 --- [restartedMain] w.s.c.ServletWebServerApplicationContext : Root WebApplicationContext: initialization completed in 1221 ms
2023-08-06 11:47:57.062  INFO 17756 --- [restartedMain] org.apache.tiles.access.TilesAccess      : Publishing TilesContext for context: org.springframework.web.servlet.view.tiles3.SpringWildcardServletTilesApplicationContext
2023-08-06 11:47:57.377  INFO 17756 --- [restartedMain] o.s.b.a.w.s.WelcomePageHandlerMapping    : Adding welcome page: class path resource [static/index.html]
2023-08-06 11:47:57.687  INFO 17756 --- [restartedMain] o.s.b.d.a.OptionalLiveReloadServer       : LiveReload server is running on port 35729
2023-08-06 11:47:57.775  INFO 17756 --- [restartedMain] o.s.b.w.embedded.tomcat.TomcatWebServer  : Tomcat started on port(s): 8080 (http) with context path ''
2023-08-06 11:47:57.796  INFO 17756 --- [restartedMain] com.castlebell.lingvo.LingvoApplication  : Started LingvoApplication in 2.837 seconds (JVM running for 3.308)
2023-08-06 11:48:08.385  INFO 17756 --- [http-nio-8080-exec-2] o.a.c.c.C.[Tomcat].[localhost].[/]       : Initializing Spring DispatcherServlet 'dispatcherServlet'
2023-08-06 11:48:08.386  INFO 17756 --- [http-nio-8080-exec-2] o.s.web.servlet.DispatcherServlet        : Initializing Servlet 'dispatcherServlet'
2023-08-06 11:48:08.387  INFO 17756 --- [http-nio-8080-exec-2] o.s.web.servlet.DispatcherServlet        : Completed initialization in 1 ms
2023-08-06 11:48:16.848  INFO 17756 --- [http-nio-8080-exec-10] com.zaxxer.hikari.HikariDataSource       : HikariPool-1 - Starting...
2023-08-06 11:48:17.062  INFO 17756 --- [http-nio-8080-exec-10] com.zaxxer.hikari.HikariDataSource       : HikariPool-1 - Start completed.
2023-08-06 12:33:07.552  INFO 17884 --- [restartedMain] com.castlebell.lingvo.LingvoApplication  : Starting LingvoApplication using Java 17.0.7 on Castlebell with PID 17884 (D:\Project\spring boot\lingvo\bin\main started by castl in D:\Project\spring boot\lingvo)
2023-08-06 12:33:07.554  INFO 17884 --- [restartedMain] com.castlebell.lingvo.LingvoApplication  : No active profile set, falling back to 1 default profile: "default"
2023-08-06 12:33:07.595  INFO 17884 --- [restartedMain] .e.DevToolsPropertyDefaultsPostProcessor : Devtools property defaults active! Set 'spring.devtools.add-properties' to 'false' to disable
2023-08-06 12:33:07.596  INFO 17884 --- [restartedMain] .e.DevToolsPropertyDefaultsPostProcessor : For additional web related logging consider setting the 'logging.level.web' property to 'DEBUG'
2023-08-06 12:33:08.621  INFO 17884 --- [restartedMain] o.s.b.w.embedded.tomcat.TomcatWebServer  : Tomcat initialized with port(s): 8080 (http)
2023-08-06 12:33:08.630  INFO 17884 --- [restartedMain] o.apache.catalina.core.StandardService   : Starting service [Tomcat]
2023-08-06 12:33:08.630  INFO 17884 --- [restartedMain] org.apache.catalina.core.StandardEngine  : Starting Servlet engine: [Apache Tomcat/9.0.74]
2023-08-06 12:33:08.797  INFO 17884 --- [restartedMain] org.apache.jasper.servlet.TldScanner     : At least one JAR was scanned for TLDs yet contained no TLDs. Enable debug logging for this logger for a complete list of JARs that were scanned but no TLDs were found in them. Skipping unneeded JARs during scanning can improve startup time and JSP compilation time.
2023-08-06 12:33:08.811  INFO 17884 --- [restartedMain] o.a.c.c.C.[Tomcat].[localhost].[/]       : Initializing Spring embedded WebApplicationContext
2023-08-06 12:33:08.812  INFO 17884 --- [restartedMain] w.s.c.ServletWebServerApplicationContext : Root WebApplicationContext: initialization completed in 1215 ms
2023-08-06 12:33:09.289  INFO 17884 --- [restartedMain] org.apache.tiles.access.TilesAccess      : Publishing TilesContext for context: org.springframework.web.servlet.view.tiles3.SpringWildcardServletTilesApplicationContext
2023-08-06 12:33:09.681  INFO 17884 --- [restartedMain] o.s.b.a.w.s.WelcomePageHandlerMapping    : Adding welcome page: class path resource [static/index.html]
2023-08-06 12:33:10.008  INFO 17884 --- [restartedMain] o.s.b.d.a.OptionalLiveReloadServer       : LiveReload server is running on port 35729
2023-08-06 12:33:10.100  INFO 17884 --- [restartedMain] o.s.b.w.embedded.tomcat.TomcatWebServer  : Tomcat started on port(s): 8080 (http) with context path ''
2023-08-06 12:33:10.128  INFO 17884 --- [restartedMain] com.castlebell.lingvo.LingvoApplication  : Started LingvoApplication in 3.002 seconds (JVM running for 3.469)
2023-08-06 12:34:04.358  INFO 17884 --- [http-nio-8080-exec-2] o.a.c.c.C.[Tomcat].[localhost].[/]       : Initializing Spring DispatcherServlet 'dispatcherServlet'
2023-08-06 12:34:04.359  INFO 17884 --- [http-nio-8080-exec-2] o.s.web.servlet.DispatcherServlet        : Initializing Servlet 'dispatcherServlet'
2023-08-06 12:34:04.360  INFO 17884 --- [http-nio-8080-exec-2] o.s.web.servlet.DispatcherServlet        : Completed initialization in 1 ms
2023-08-06 12:34:09.757  INFO 17884 --- [http-nio-8080-exec-6] com.zaxxer.hikari.HikariDataSource       : HikariPool-1 - Starting...
2023-08-06 12:34:09.970  INFO 17884 --- [http-nio-8080-exec-6] com.zaxxer.hikari.HikariDataSource       : HikariPool-1 - Start completed.
2023-08-06 16:06:26.667  INFO 17884 --- [http-nio-8080-exec-10] o.apache.coyote.http11.Http11Processor   : Error parsing HTTP request header
 Note: further occurrences of HTTP request parsing errors will be logged at DEBUG level.

java.lang.IllegalArgumentException: Invalid character found in the request target [/work/workQRConfirm?qrCode=com.google.android.material.textfield.TextInputEditText{7303669%20VFED..CL.%20.F......%200,0-786,152%20 ]. The valid characters are defined in RFC 7230 and RFC 3986
	at org.apache.coyote.http11.Http11InputBuffer.parseRequestLine(Http11InputBuffer.java:482)
	at org.apache.coyote.http11.Http11Processor.service(Http11Processor.java:262)
	at org.apache.coyote.AbstractProcessorLight.process(AbstractProcessorLight.java:63)
	at org.apache.coyote.AbstractProtocol$ConnectionHandler.process(AbstractProtocol.java:926)
	at org.apache.tomcat.util.net.NioEndpoint$SocketProcessor.doRun(NioEndpoint.java:1791)
	at org.apache.tomcat.util.net.SocketProcessorBase.run(SocketProcessorBase.java:52)
	at org.apache.tomcat.util.threads.ThreadPoolExecutor.runWorker(ThreadPoolExecutor.java:1191)
	at org.apache.tomcat.util.threads.ThreadPoolExecutor$Worker.run(ThreadPoolExecutor.java:659)
	at org.apache.tomcat.util.threads.TaskThread$WrappingRunnable.run(TaskThread.java:61)
	at java.base/java.lang.Thread.run(Thread.java:833)

2023-08-06 17:47:12.230  INFO 17884 --- [http-nio-8080-exec-3] o.apache.coyote.http11.Http11Processor   : Error parsing HTTP request header
 Note: further occurrences of HTTP request parsing errors will be logged at DEBUG level.

java.lang.IllegalArgumentException: Invalid character found in the request target [/work/workQRConfirm?qrCode=com.google.android.material.textfield.TextInputEditText{e7dfc7f%20VFED..CL.%20.F......%200,0-786,152%20 ]. The valid characters are defined in RFC 7230 and RFC 3986
	at org.apache.coyote.http11.Http11InputBuffer.parseRequestLine(Http11InputBuffer.java:482)
	at org.apache.coyote.http11.Http11Processor.service(Http11Processor.java:262)
	at org.apache.coyote.AbstractProcessorLight.process(AbstractProcessorLight.java:63)
	at org.apache.coyote.AbstractProtocol$ConnectionHandler.process(AbstractProtocol.java:926)
	at org.apache.tomcat.util.net.NioEndpoint$SocketProcessor.doRun(NioEndpoint.java:1791)
	at org.apache.tomcat.util.net.SocketProcessorBase.run(SocketProcessorBase.java:52)
	at org.apache.tomcat.util.threads.ThreadPoolExecutor.runWorker(ThreadPoolExecutor.java:1191)
	at org.apache.tomcat.util.threads.ThreadPoolExecutor$Worker.run(ThreadPoolExecutor.java:659)
	at org.apache.tomcat.util.threads.TaskThread$WrappingRunnable.run(TaskThread.java:61)
	at java.base/java.lang.Thread.run(Thread.java:833)

2023-08-06 20:23:03.093  INFO 4348 --- [restartedMain] com.castlebell.lingvo.LingvoApplication  : Starting LingvoApplication using Java 17.0.7 on Castlebell with PID 4348 (D:\Project\spring boot\lingvo\bin\main started by castl in D:\Project\spring boot\lingvo)
2023-08-06 20:23:03.094  INFO 4348 --- [restartedMain] com.castlebell.lingvo.LingvoApplication  : No active profile set, falling back to 1 default profile: "default"
2023-08-06 20:23:03.126  INFO 4348 --- [restartedMain] .e.DevToolsPropertyDefaultsPostProcessor : Devtools property defaults active! Set 'spring.devtools.add-properties' to 'false' to disable
2023-08-06 20:23:03.126  INFO 4348 --- [restartedMain] .e.DevToolsPropertyDefaultsPostProcessor : For additional web related logging consider setting the 'logging.level.web' property to 'DEBUG'
2023-08-06 20:23:04.189  INFO 4348 --- [restartedMain] o.s.b.w.embedded.tomcat.TomcatWebServer  : Tomcat initialized with port(s): 8080 (http)
2023-08-06 20:23:04.197  INFO 4348 --- [restartedMain] o.apache.catalina.core.StandardService   : Starting service [Tomcat]
2023-08-06 20:23:04.198  INFO 4348 --- [restartedMain] org.apache.catalina.core.StandardEngine  : Starting Servlet engine: [Apache Tomcat/9.0.74]
2023-08-06 20:23:04.351  INFO 4348 --- [restartedMain] org.apache.jasper.servlet.TldScanner     : At least one JAR was scanned for TLDs yet contained no TLDs. Enable debug logging for this logger for a complete list of JARs that were scanned but no TLDs were found in them. Skipping unneeded JARs during scanning can improve startup time and JSP compilation time.
2023-08-06 20:23:04.361  INFO 4348 --- [restartedMain] o.a.c.c.C.[Tomcat].[localhost].[/]       : Initializing Spring embedded WebApplicationContext
2023-08-06 20:23:04.362  INFO 4348 --- [restartedMain] w.s.c.ServletWebServerApplicationContext : Root WebApplicationContext: initialization completed in 1235 ms
2023-08-06 20:23:04.804  INFO 4348 --- [restartedMain] org.apache.tiles.access.TilesAccess      : Publishing TilesContext for context: org.springframework.web.servlet.view.tiles3.SpringWildcardServletTilesApplicationContext
2023-08-06 20:23:05.093  INFO 4348 --- [restartedMain] o.s.b.a.w.s.WelcomePageHandlerMapping    : Adding welcome page: class path resource [static/index.html]
2023-08-06 20:23:05.393  INFO 4348 --- [restartedMain] o.s.b.d.a.OptionalLiveReloadServer       : LiveReload server is running on port 35729
2023-08-06 20:23:05.485  INFO 4348 --- [restartedMain] o.s.b.w.embedded.tomcat.TomcatWebServer  : Tomcat started on port(s): 8080 (http) with context path ''
2023-08-06 20:23:05.507  INFO 4348 --- [restartedMain] com.castlebell.lingvo.LingvoApplication  : Started LingvoApplication in 2.723 seconds (JVM running for 4.407)
2023-08-06 20:24:10.319  INFO 4348 --- [http-nio-8080-exec-1] o.a.c.c.C.[Tomcat].[localhost].[/]       : Initializing Spring DispatcherServlet 'dispatcherServlet'
2023-08-06 20:24:10.320  INFO 4348 --- [http-nio-8080-exec-1] o.s.web.servlet.DispatcherServlet        : Initializing Servlet 'dispatcherServlet'
2023-08-06 20:24:10.321  INFO 4348 --- [http-nio-8080-exec-1] o.s.web.servlet.DispatcherServlet        : Completed initialization in 1 ms
2023-08-06 20:24:15.187  INFO 4348 --- [http-nio-8080-exec-5] com.zaxxer.hikari.HikariDataSource       : HikariPool-1 - Starting...
2023-08-06 20:24:15.424  INFO 4348 --- [http-nio-8080-exec-5] com.zaxxer.hikari.HikariDataSource       : HikariPool-1 - Start completed.
