2023-07-24 21:25:15.827  INFO 6684 --- [restartedMain] com.castlebell.lingvo.LingvoApplication  : Starting LingvoApplication using Java 17.0.7 on Castlebell with PID 6684 (D:\Project\spring boot\lingvo\bin\main started by castl in D:\Project\spring boot\lingvo)
2023-07-24 21:25:15.835  INFO 6684 --- [restartedMain] com.castlebell.lingvo.LingvoApplication  : No active profile set, falling back to 1 default profile: "default"
2023-07-24 21:25:15.892  INFO 6684 --- [restartedMain] .e.DevToolsPropertyDefaultsPostProcessor : Devtools property defaults active! Set 'spring.devtools.add-properties' to 'false' to disable
2023-07-24 21:25:15.895  INFO 6684 --- [restartedMain] .e.DevToolsPropertyDefaultsPostProcessor : For additional web related logging consider setting the 'logging.level.web' property to 'DEBUG'
2023-07-24 21:25:17.096  INFO 6684 --- [restartedMain] o.s.b.w.embedded.tomcat.TomcatWebServer  : Tomcat initialized with port(s): 8080 (http)
2023-07-24 21:25:17.108  INFO 6684 --- [restartedMain] o.apache.catalina.core.StandardService   : Starting service [Tomcat]
2023-07-24 21:25:17.108  INFO 6684 --- [restartedMain] org.apache.catalina.core.StandardEngine  : Starting Servlet engine: [Apache Tomcat/9.0.74]
2023-07-24 21:25:17.279  INFO 6684 --- [restartedMain] org.apache.jasper.servlet.TldScanner     : At least one JAR was scanned for TLDs yet contained no TLDs. Enable debug logging for this logger for a complete list of JARs that were scanned but no TLDs were found in them. Skipping unneeded JARs during scanning can improve startup time and JSP compilation time.
2023-07-24 21:25:17.289  INFO 6684 --- [restartedMain] o.a.c.c.C.[Tomcat].[localhost].[/]       : Initializing Spring embedded WebApplicationContext
2023-07-24 21:25:17.290  INFO 6684 --- [restartedMain] w.s.c.ServletWebServerApplicationContext : Root WebApplicationContext: initialization completed in 1393 ms
2023-07-24 21:25:17.727  INFO 6684 --- [restartedMain] org.apache.tiles.access.TilesAccess      : Publishing TilesContext for context: org.springframework.web.servlet.view.tiles3.SpringWildcardServletTilesApplicationContext
2023-07-24 21:25:18.058  INFO 6684 --- [restartedMain] o.s.b.a.w.s.WelcomePageHandlerMapping    : Adding welcome page: class path resource [static/index.html]
2023-07-24 21:25:18.361  INFO 6684 --- [restartedMain] o.s.b.d.a.OptionalLiveReloadServer       : LiveReload server is running on port 35729
2023-07-24 21:25:18.441  INFO 6684 --- [restartedMain] o.s.b.w.embedded.tomcat.TomcatWebServer  : Tomcat started on port(s): 8080 (http) with context path ''
2023-07-24 21:25:18.461  INFO 6684 --- [restartedMain] com.castlebell.lingvo.LingvoApplication  : Started LingvoApplication in 3.038 seconds (JVM running for 3.703)
2023-07-24 21:25:39.909  INFO 6684 --- [http-nio-8080-exec-2] o.a.c.c.C.[Tomcat].[localhost].[/]       : Initializing Spring DispatcherServlet 'dispatcherServlet'
2023-07-24 21:25:39.910  INFO 6684 --- [http-nio-8080-exec-2] o.s.web.servlet.DispatcherServlet        : Initializing Servlet 'dispatcherServlet'
2023-07-24 21:25:39.912  INFO 6684 --- [http-nio-8080-exec-2] o.s.web.servlet.DispatcherServlet        : Completed initialization in 1 ms
2023-07-24 21:25:55.077  INFO 6684 --- [http-nio-8080-exec-7] com.zaxxer.hikari.HikariDataSource       : HikariPool-1 - Starting...
2023-07-24 21:25:55.312  INFO 6684 --- [http-nio-8080-exec-7] com.zaxxer.hikari.HikariDataSource       : HikariPool-1 - Start completed.
